fs.js:651
  return binding.open(pathModule._makeLong(path), stringToFlags(flags), mode);
                 ^

Error: ENOENT: no such file or directory, open '../Algo/test.json'
    at Object.fs.openSync (fs.js:651:18)
    at Object.fs.readFileSync (fs.js:553:33)
    at Object.<anonymous> (/home/MakeWeekend/Server/server.js:10:32)
    at Module._compile (module.js:569:30)
    at Object.Module._extensions..js (module.js:580:10)
    at Module.load (module.js:503:32)
    at tryModuleLoad (module.js:466:12)
    at Function.Module._load (module.js:458:3)
    at Function.Module.runMain (module.js:605:10)
    at startup (bootstrap_node.js:158:16)
fs.js:651
  return binding.open(pathModule._makeLong(path), stringToFlags(flags), mode);
                 ^

Error: ENOENT: no such file or directory, open '../Algo/test.json'
    at Object.fs.openSync (fs.js:651:18)
    at Object.fs.readFileSync (fs.js:553:33)
    at Object.<anonymous> (/home/MakeWeekend/Server/server.js:10:32)
    at Module._compile (module.js:569:30)
    at Object.Module._extensions..js (module.js:580:10)
    at Module.load (module.js:503:32)
    at tryModuleLoad (module.js:466:12)
    at Function.Module._load (module.js:458:3)
    at Function.Module.runMain (module.js:605:10)
    at startup (bootstrap_node.js:158:16)
Server lisetening in port 4567
giving html
reading log
giving html
giving html
reading log
giving html
giving html
reading log
giving html
reading log
giving html
reading log
giving html
reading log
giving html
reading log
giving html
reading log
giving html
reading log
